2023-05-10 20:52:00,141 =============================================================
2023-05-10 20:52:00,141 =============================================================
2023-05-10 20:52:00,141 Today is 2023-05-10 at 08:52 PM
2023-05-10 20:52:00,169 This file is running on: nt Windows 10
2023-05-10 20:52:00,169 The Python version is: 3.11.3
2023-05-10 20:52:00,169 The active conda environment is:  None
2023-05-10 20:52:00,169 The active pip environment is:    None
2023-05-10 20:52:00,169 The active environment path is:   C:\Users\Hayley\AppData\Local\Programs\Python\Python311
2023-05-10 20:52:00,169 The current working directory is: C:\Users\Hayley\OneDrive\School 2023\GitHub\datafun-01-getting-started
2023-05-10 20:52:00,169 This source file is in:           C:\Users\Hayley\OneDrive\School 2023\GitHub\datafun-01-getting-started
2023-05-10 20:52:00,170 =============================================================
2023-05-10 20:52:00,170 =============================================================
2023-05-10 20:52:00,170 Name: John Doe 
2023-05-10 20:52:00,170 State: California
2023-05-10 20:52:00,170 Country: USA
2023-05-10 20:52:00,170 Pet count: 1
2023-05-10 20:52:00,170 Skill count: 24
2023-05-10 20:52:00,170 Temperature: 81.5
2023-05-10 20:52:00,170 Pet weight: 12.5
2023-05-10 20:52:00,170 Has dog: False
2023-05-10 20:52:00,170 Likes analytics: True
2023-05-10 20:52:00,170 Likes Python: True
